
--- Password Evaluation @ 2025-07-24 20:09:39 ---
Input Password: ************
Regex Issues:
  - Missing special character.

Zxcvbn Score: 1 / 4
Estimated Crack Time: less than a second
Warning: This is similar to a commonly used password.
Suggestions:
  - Add another word or two. Uncommon words are better.
  - Capitalization doesn't help very much.
-----------------------------------------------------

--- Password Evaluation @ 2025-07-24 20:29:16 ---
Input Password: *****
Regex Issues:
  - Password is too short (minimum 8 characters).
  - Missing uppercase letter.
  - Missing lowercase letter.
  - Missing special character.

Zxcvbn Score: 1 / 4
Estimated Crack Time: less than a second
Warning: Repeats like "abcabcabc" are only slightly harder to guess than "abc".
Suggestions:
  - Add another word or two. Uncommon words are better.
  - Avoid repeated words and characters.
-----------------------------------------------------
